C:\Sandbox\PopDialog\debug\cl.command.1.tlog
C:\Sandbox\PopDialog\debug\CL.read.1.tlog
C:\Sandbox\PopDialog\debug\CL.write.1.tlog
C:\Sandbox\PopDialog\debug\custombuild.command.1.tlog
C:\Sandbox\PopDialog\debug\custombuild.read.1.tlog
C:\Sandbox\PopDialog\debug\custombuild.write.1.tlog
C:\SANDBOX\POPDIALOG\DEBUG\LAYOUTTREE.OBJ
C:\Sandbox\PopDialog\debug\link.command.1.tlog
C:\Sandbox\PopDialog\debug\link.read.1.tlog
C:\Sandbox\PopDialog\debug\link.write.1.tlog
C:\SANDBOX\POPDIALOG\DEBUG\MAIN.OBJ
C:\SANDBOX\POPDIALOG\DEBUG\MOC_POPDIALOG.CPP
C:\SANDBOX\POPDIALOG\DEBUG\MOC_POPDIALOG.OBJ
C:\Sandbox\PopDialog\debug\PopDialog.exe.intermediate.manifest
C:\SANDBOX\POPDIALOG\DEBUG\POPDIALOG.OBJ
C:\Sandbox\PopDialog\debug\PopDialog.pdb
C:\Sandbox\PopDialog\debug\PopDialog.write.1.tlog
C:\SANDBOX\POPDIALOG\DEBUG\TREE.OBJ
C:\SANDBOX\POPDIALOG\UI_POPDIALOG.H
C:\SANDBOX\POPDIALOG\VC100.PDB
debug\PopDialog.pdb
