Build started 6/24/2013 5:37:39 PM.
     1>Project "C:\Sandbox\PopDialog\PopDialog.vcxproj" on node 2 (build target(s)).
     1>InitializeBuildStatus:
         Touching "debug\PopDialog.unsuccessfulbuild".
       CustomBuild:
         All outputs are up-to-date.
       ClCompile:
         All outputs are up-to-date.
         C:\Program Files (x86)\Microsoft Visual Studio 10.0\VC\bin\CL.exe /c /I..\..\Qt\Qt5.0.2\5.0.2\msvc2010_opengl\include /I..\..\Qt\Qt5.0.2\5.0.2\msvc2010_opengl\include\QtOpenGL /I..\..\Qt\Qt5.0.2\5.0.2\msvc2010_opengl\include\QtWidgets /I..\..\Qt\Qt5.0.2\5.0.2\msvc2010_opengl\include\QtGui /I..\..\Qt\Qt5.0.2\5.0.2\msvc2010_opengl\include\QtCore /Idebug /I. /I"..\..\Qt\Qt5.0.2\5.0.2\msvc2010_opengl\mkspecs\win32-msvc2010" /Zi /nologo /W3 /WX- /Od /Oy- /D _WINDOWS /D UNICODE /D WIN32 /D QT_OPENGL_LIB /D QT_WIDGETS_LIB /D QT_GUI_LIB /D QT_CORE_LIB /Gm- /EHsc /MD /GS /fp:precise /Zc:wchar_t /Zc:forScope /GR /Fo"debug\\" /Fd".\vc100.pdb" /Gd /TP /analyze- /errorReport:prompt layouttree.cpp main.cpp popdialog.cpp tree.cpp debug\moc_popdialog.cpp -Zm200 -w34100 -w34189 
         layouttree.cpp
         main.cpp
     1>main.cpp(26): warning C4996: 'sprintf': This function or variable may be unsafe. Consider using sprintf_s instead. To disable deprecation, use _CRT_SECURE_NO_WARNINGS. See online help for details.
                 C:\Program Files (x86)\Microsoft Visual Studio 10.0\VC\include\stdio.h(371) : see declaration of 'sprintf'
     1>main.cpp(34): warning C4996: 'sprintf': This function or variable may be unsafe. Consider using sprintf_s instead. To disable deprecation, use _CRT_SECURE_NO_WARNINGS. See online help for details.
                 C:\Program Files (x86)\Microsoft Visual Studio 10.0\VC\include\stdio.h(371) : see declaration of 'sprintf'
         popdialog.cpp
     1>popdialog.cpp(46): warning C4189: 'qpb' : local variable is initialized but not referenced
     1>popdialog.cpp(76): warning C4100: 'length' : unreferenced formal parameter
     1>popdialog.cpp(92): warning C4100: 'max' : unreferenced formal parameter
     1>popdialog.cpp(91): warning C4100: 'min' : unreferenced formal parameter
     1>popdialog.cpp(90): warning C4100: 'style' : unreferenced formal parameter
     1>popdialog.cpp(89): warning C4100: 'height' : unreferenced formal parameter
     1>popdialog.cpp(88): warning C4100: 'length' : unreferenced formal parameter
     1>popdialog.cpp(114): warning C4100: 'len' : unreferenced formal parameter
     1>popdialog.cpp(150): warning C4100: 'id' : unreferenced formal parameter
     1>popdialog.cpp(174): warning C4100: 'height' : unreferenced formal parameter
     1>popdialog.cpp(174): warning C4100: 'length' : unreferenced formal parameter
     1>popdialog.cpp(174): warning C4100: 'tile' : unreferenced formal parameter
     1>popdialog.cpp(178): warning C4100: 'tab' : unreferenced formal parameter
     1>popdialog.cpp(182): warning C4100: 'name' : unreferenced formal parameter
     1>popdialog.cpp(182): warning C4100: 'tile' : unreferenced formal parameter
         tree.cpp
         moc_popdialog.cpp
         Generating Code...
       Link:
         C:\Program Files (x86)\Microsoft Visual Studio 10.0\VC\bin\link.exe /ERRORREPORT:PROMPT /OUT:"debug\\PopDialog.exe" /NOLOGO /LIBPATH:C:\Qt\Qt5.0.2\5.0.2\msvc2010_opengl\lib /LIBPATH:C:\Qt\Qt5.0.2\5.0.2\msvc2010_opengl\lib glu32.lib opengl32.lib gdi32.lib user32.lib qtmaind.lib C:\Qt\Qt5.0.2\5.0.2\msvc2010_opengl\lib\Qt5OpenGLd.lib C:\Qt\Qt5.0.2\5.0.2\msvc2010_opengl\lib\Qt5Widgetsd.lib C:\Qt\Qt5.0.2\5.0.2\msvc2010_opengl\lib\Qt5Guid.lib C:\Qt\Qt5.0.2\5.0.2\msvc2010_opengl\lib\Qt5Cored.lib kernel32.lib user32.lib gdi32.lib winspool.lib comdlg32.lib advapi32.lib shell32.lib ole32.lib oleaut32.lib uuid.lib odbc32.lib odbccp32.lib /MANIFEST /ManifestFile:"debug\PopDialog.exe.intermediate.manifest" /MANIFESTUAC:"level='asInvoker' uiAccess='false'" /DEBUG /PDB:"C:\Sandbox\PopDialog\debug\PopDialog.pdb" /SUBSYSTEM:WINDOWS /TLBID:1 /DYNAMICBASE /NXCOMPAT /MACHINE:X86 debug\layouttree.obj
         debug\main.obj
         debug\popdialog.obj
         debug\tree.obj
         debug\moc_popdialog.obj "/MANIFESTDEPENDENCY:type='win32' name='Microsoft.Windows.Common-Controls' version='6.0.0.0' publicKeyToken='6595b64144ccf1df' language='*' processorArchitecture='*'" 
     1>qtmaind.lib(qtmain_win.obj) : error LNK2038: mismatch detected for '_ITERATOR_DEBUG_LEVEL': value '2' doesn't match value '0' in layouttree.obj
     1>MSVCRT.lib(cinitexe.obj) : warning LNK4098: defaultlib 'msvcrtd.lib' conflicts with use of other libs; use /NODEFAULTLIB:library
     1>debug\\PopDialog.exe : fatal error LNK1319: 1 mismatches detected
     1>Done Building Project "C:\Sandbox\PopDialog\PopDialog.vcxproj" (build target(s)) -- FAILED.

Build FAILED.

Time Elapsed 00:00:07.11
