Build started 6/5/2013 11:03:11 AM.
     1>Project "C:\Sandbox\PopDialog\PopDialog.vcxproj" on node 2 (build target(s)).
     1>C:\Program Files (x86)\MSBuild\Microsoft.Cpp\v4.0\Microsoft.CppBuild.targets(298,5): warning MSB8004: Intermediate Directory does not end with a trailing slash.  This build instance will add the slash as it is required to allow proper evaluation of the Intermediate Directory.
     1>InitializeBuildStatus:
         Touching "Win32\Debug\PopDialog.unsuccessfulbuild".
       CustomBuild:
         Moc'ing glwidget.h...
         Moc'ing popdialog.h...
       ClCompile:
         C:\Program Files (x86)\Microsoft Visual Studio 10.0\VC\bin\CL.exe /c /I..\..\Qt\Qt5.0.2\5.0.2\msvc2010_opengl\include /I..\..\Qt\Qt5.0.2\5.0.2\msvc2010_opengl\include\QtOpenGL /I..\..\Qt\Qt5.0.2\5.0.2\msvc2010_opengl\include\QtWidgets /I..\..\Qt\Qt5.0.2\5.0.2\msvc2010_opengl\include\QtGui /I..\..\Qt\Qt5.0.2\5.0.2\msvc2010_opengl\include\QtCore /Idebug /I. /I"..\..\Qt\Qt5.0.2\5.0.2\msvc2010_opengl\mkspecs\win32-msvc2010" /I.\GeneratedFiles /Zi /nologo /W3 /WX- /Od /Oy- /D _WINDOWS /D UNICODE /D WIN32 /D QT_OPENGL_LIB /D QT_WIDGETS_LIB /D QT_GUI_LIB /D QT_CORE_LIB /Gm- /EHsc /MDd /GS /fp:precise /Zc:wchar_t /Zc:forScope /GR /Fo"Win32\Debug\\" /Fd"Win32\Debug\vc100.pdb" /Gd /TP /analyze- /errorReport:prompt Debug\moc_glwidget.cpp Debug\moc_popdialog.cpp glwidget.cpp layouttree.cpp main.cpp popdialog.cpp tree.cpp -Zm200 -w34100 -w34189 
         moc_glwidget.cpp
         moc_popdialog.cpp
         glwidget.cpp
     1>glwidget.cpp(38): warning C4100: 'event' : unreferenced formal parameter
         layouttree.cpp
         main.cpp
     1>main.cpp(36): warning C4996: 'sprintf': This function or variable may be unsafe. Consider using sprintf_s instead. To disable deprecation, use _CRT_SECURE_NO_WARNINGS. See online help for details.
                 C:\Program Files (x86)\Microsoft Visual Studio 10.0\VC\include\stdio.h(371) : see declaration of 'sprintf'
         popdialog.cpp
     1>popdialog.cpp(53): warning C4100: 'length' : unreferenced formal parameter
     1>popdialog.cpp(69): warning C4100: 'max' : unreferenced formal parameter
     1>popdialog.cpp(68): warning C4100: 'min' : unreferenced formal parameter
     1>popdialog.cpp(67): warning C4100: 'style' : unreferenced formal parameter
     1>popdialog.cpp(66): warning C4100: 'height' : unreferenced formal parameter
     1>popdialog.cpp(65): warning C4100: 'length' : unreferenced formal parameter
     1>popdialog.cpp(79): warning C4100: 'height' : unreferenced formal parameter
     1>popdialog.cpp(78): warning C4100: 'width' : unreferenced formal parameter
     1>popdialog.cpp(90): warning C4100: 'len' : unreferenced formal parameter
     1>popdialog.cpp(126): warning C4100: 'id' : unreferenced formal parameter
         tree.cpp
         Generating Code...
     1>c:\sandbox\popdialog\main.cpp(36): warning C4700: uninitialized local variable 'buf' used
       Link:
         C:\Program Files (x86)\Microsoft Visual Studio 10.0\VC\bin\link.exe /ERRORREPORT:PROMPT /OUT:"debug\\PopDialog.exe" /NOLOGO /LIBPATH:C:\Qt\Qt5.0.2\5.0.2\msvc2010_opengl\lib /LIBPATH:C:\Qt\Qt5.0.2\5.0.2\msvc2010_opengl\lib glu32.lib opengl32.lib gdi32.lib user32.lib qtmaind.lib C:\Qt\Qt5.0.2\5.0.2\msvc2010_opengl\lib\Qt5OpenGLd.lib C:\Qt\Qt5.0.2\5.0.2\msvc2010_opengl\lib\Qt5Widgetsd.lib C:\Qt\Qt5.0.2\5.0.2\msvc2010_opengl\lib\Qt5Guid.lib C:\Qt\Qt5.0.2\5.0.2\msvc2010_opengl\lib\Qt5Cored.lib kernel32.lib user32.lib gdi32.lib winspool.lib comdlg32.lib advapi32.lib shell32.lib ole32.lib oleaut32.lib uuid.lib odbc32.lib odbccp32.lib /MANIFEST /ManifestFile:"Win32\Debug\PopDialog.exe.intermediate.manifest" /MANIFESTUAC:"level='asInvoker' uiAccess='false'" /DEBUG /PDB:"C:\Sandbox\PopDialog\debug\PopDialog.pdb" /SUBSYSTEM:WINDOWS /TLBID:1 /DYNAMICBASE /NXCOMPAT /MACHINE:X86 Win32\Debug\moc_glwidget.obj
         Win32\Debug\moc_popdialog.obj
         Win32\Debug\glwidget.obj
         Win32\Debug\layouttree.obj
         Win32\Debug\main.obj
         Win32\Debug\popdialog.obj
         Win32\Debug\tree.obj "/MANIFESTDEPENDENCY:type='win32' name='Microsoft.Windows.Common-Controls' version='6.0.0.0' publicKeyToken='6595b64144ccf1df' language='*' processorArchitecture='*'" 
         PopDialog.vcxproj -> C:\Sandbox\PopDialog\debug\PopDialog.exe
       Manifest:
         C:\Program Files (x86)\Microsoft SDKs\Windows\v7.0A\bin\mt.exe /nologo /verbose /outputresource:"debug\\PopDialog.exe;#1" /manifest Win32\Debug\PopDialog.exe.intermediate.manifest
       FinalizeBuildStatus:
         Deleting file "Win32\Debug\PopDialog.unsuccessfulbuild".
         Touching "Win32\Debug\PopDialog.lastbuildstate".
     1>Done Building Project "C:\Sandbox\PopDialog\PopDialog.vcxproj" (build target(s)).

Build succeeded.

Time Elapsed 00:00:19.62
