C:\Sandbox\PopDialog\release\cl.command.1.tlog
C:\Sandbox\PopDialog\release\CL.read.1.tlog
C:\Sandbox\PopDialog\release\CL.write.1.tlog
C:\Sandbox\PopDialog\release\custombuild.command.1.tlog
C:\Sandbox\PopDialog\release\custombuild.read.1.tlog
C:\Sandbox\PopDialog\release\custombuild.write.1.tlog
C:\SANDBOX\POPDIALOG\RELEASE\GLWIDGET.OBJ
C:\SANDBOX\POPDIALOG\RELEASE\LAYOUTTREE.OBJ
C:\Sandbox\PopDialog\release\link.command.1.tlog
C:\Sandbox\PopDialog\release\link.read.1.tlog
C:\Sandbox\PopDialog\release\link.write.1.tlog
C:\SANDBOX\POPDIALOG\RELEASE\MAIN.OBJ
C:\SANDBOX\POPDIALOG\RELEASE\MOC_GLWIDGET.CPP
C:\SANDBOX\POPDIALOG\RELEASE\MOC_GLWIDGET.OBJ
C:\SANDBOX\POPDIALOG\RELEASE\MOC_POPDIALOG.CPP
C:\SANDBOX\POPDIALOG\RELEASE\MOC_POPDIALOG.OBJ
C:\Sandbox\PopDialog\release\mt.command.1.tlog
C:\Sandbox\PopDialog\release\mt.read.1.tlog
C:\Sandbox\PopDialog\release\mt.write.1.tlog
C:\SANDBOX\POPDIALOG\RELEASE\POPDIALOG.EXE
C:\SANDBOX\POPDIALOG\RELEASE\POPDIALOG.EXE.INTERMEDIATE.MANIFEST
C:\SANDBOX\POPDIALOG\RELEASE\POPDIALOG.OBJ
C:\Sandbox\PopDialog\release\PopDialog.pdb
C:\Sandbox\PopDialog\release\PopDialog.write.1.tlog
C:\SANDBOX\POPDIALOG\RELEASE\TREE.OBJ
C:\SANDBOX\POPDIALOG\UI_POPDIALOG.H
C:\SANDBOX\POPDIALOG\VC100.PDB
release\PopDialog.pdb
