Build started 6/19/2013 11:51:59 AM.
     1>Project "C:\Sandbox\PopDialog\PopDialog.vcxproj" on node 2 (build target(s)).
     1>InitializeBuildStatus:
         Creating "release\PopDialog.unsuccessfulbuild" because "AlwaysCreate" was specified.
       CustomBuild:
         All outputs are up-to-date.
       ClCompile:
         C:\Program Files (x86)\Microsoft Visual Studio 10.0\VC\bin\CL.exe /c /I..\..\Qt\Qt5.0.2\5.0.2\msvc2010_opengl\include /I..\..\Qt\Qt5.0.2\5.0.2\msvc2010_opengl\include\QtOpenGL /I..\..\Qt\Qt5.0.2\5.0.2\msvc2010_opengl\include\QtWidgets /I..\..\Qt\Qt5.0.2\5.0.2\msvc2010_opengl\include\QtGui /I..\..\Qt\Qt5.0.2\5.0.2\msvc2010_opengl\include\QtCore /Irelease /I. /I"..\..\Qt\Qt5.0.2\5.0.2\msvc2010_opengl\mkspecs\win32-msvc2010" /Zi /nologo /W3 /WX- /MP /Od /Oy- /D _WINDOWS /D UNICODE /D WIN32 /D QT_NO_DEBUG /D QT_OPENGL_LIB /D QT_WIDGETS_LIB /D QT_GUI_LIB /D QT_CORE_LIB /D NDEBUG /Gm- /EHsc /MD /GS /fp:precise /Zc:wchar_t /Zc:forScope /GR /Fo"release\\" /Fd".\vc100.pdb" /Gd /TP /analyze- /errorReport:prompt main.cpp -Zm200 -w34100 -w34189 
         main.cpp
     1>main.cpp(32): warning C4996: 'sprintf': This function or variable may be unsafe. Consider using sprintf_s instead. To disable deprecation, use _CRT_SECURE_NO_WARNINGS. See online help for details.
                 C:\Program Files (x86)\Microsoft Visual Studio 10.0\VC\include\stdio.h(371) : see declaration of 'sprintf'
     1>main.cpp(110): warning C4996: 'sprintf': This function or variable may be unsafe. Consider using sprintf_s instead. To disable deprecation, use _CRT_SECURE_NO_WARNINGS. See online help for details.
                 C:\Program Files (x86)\Microsoft Visual Studio 10.0\VC\include\stdio.h(371) : see declaration of 'sprintf'
     1>c:\sandbox\popdialog\main.cpp(32): warning C4700: uninitialized local variable 'buf' used
     1>c:\sandbox\popdialog\main.cpp(110): warning C4700: uninitialized local variable 'buf' used
       Link:
         C:\Program Files (x86)\Microsoft Visual Studio 10.0\VC\bin\link.exe /ERRORREPORT:PROMPT /OUT:"release\\PopDialog.exe" /INCREMENTAL:NO /NOLOGO /LIBPATH:C:\Qt\Qt5.0.2\5.0.2\msvc2010_opengl\lib /LIBPATH:C:\Qt\Qt5.0.2\5.0.2\msvc2010_opengl\lib glu32.lib opengl32.lib gdi32.lib user32.lib qtmain.lib C:\Qt\Qt5.0.2\5.0.2\msvc2010_opengl\lib\Qt5OpenGL.lib C:\Qt\Qt5.0.2\5.0.2\msvc2010_opengl\lib\Qt5Widgets.lib C:\Qt\Qt5.0.2\5.0.2\msvc2010_opengl\lib\Qt5Gui.lib C:\Qt\Qt5.0.2\5.0.2\msvc2010_opengl\lib\Qt5Core.lib kernel32.lib user32.lib gdi32.lib winspool.lib comdlg32.lib advapi32.lib shell32.lib ole32.lib oleaut32.lib uuid.lib odbc32.lib odbccp32.lib /MANIFEST /ManifestFile:"release\PopDialog.exe.intermediate.manifest" /MANIFESTUAC:"level='asInvoker' uiAccess='false'" /DEBUG /PDB:"C:\Sandbox\PopDialog\release\PopDialog.pdb" /SUBSYSTEM:WINDOWS /TLBID:1 /DYNAMICBASE /NXCOMPAT /MACHINE:X86 release\glwidget.obj
         release\layouttree.obj
         release\main.obj
         release\popdialog.obj
         release\tree.obj
         release\moc_glwidget.obj
         release\moc_popdialog.obj "/MANIFESTDEPENDENCY:type='win32' name='Microsoft.Windows.Common-Controls' version='6.0.0.0' publicKeyToken='6595b64144ccf1df' language='*' processorArchitecture='*'" 
         PopDialog.vcxproj -> C:\Sandbox\PopDialog\release\PopDialog.exe
       Manifest:
         C:\Program Files (x86)\Microsoft SDKs\Windows\v7.0A\bin\mt.exe /nologo /verbose /outputresource:"release\\PopDialog.exe;#1" /manifest release\PopDialog.exe.intermediate.manifest
       FinalizeBuildStatus:
         Deleting file "release\PopDialog.unsuccessfulbuild".
         Touching "release\PopDialog.lastbuildstate".
     1>Done Building Project "C:\Sandbox\PopDialog\PopDialog.vcxproj" (build target(s)).

Build succeeded.

Time Elapsed 00:00:01.70
