C:\SANDBOX\POPDIALOG\GENERATEDFILES\UI_POPDIALOG.H
C:\SANDBOX\POPDIALOG\RELEASE\MOC_GLWIDGET.CPP
C:\SANDBOX\POPDIALOG\RELEASE\MOC_POPDIALOG.CPP
C:\SANDBOX\POPDIALOG\RELEASE\POPDIALOG.EXE
C:\Sandbox\PopDialog\Win32\Release\cl.command.1.tlog
C:\Sandbox\PopDialog\Win32\Release\CL.read.1.tlog
C:\Sandbox\PopDialog\Win32\Release\CL.write.1.tlog
C:\Sandbox\PopDialog\Win32\Release\custombuild.command.1.tlog
C:\Sandbox\PopDialog\Win32\Release\custombuild.read.1.tlog
C:\Sandbox\PopDialog\Win32\Release\custombuild.write.1.tlog
C:\SANDBOX\POPDIALOG\WIN32\RELEASE\GLWIDGET.OBJ
C:\SANDBOX\POPDIALOG\WIN32\RELEASE\LAYOUTTREE.OBJ
C:\Sandbox\PopDialog\Win32\Release\link.command.1.tlog
C:\Sandbox\PopDialog\Win32\Release\link.read.1.tlog
C:\Sandbox\PopDialog\Win32\Release\link.write.1.tlog
C:\SANDBOX\POPDIALOG\WIN32\RELEASE\MAIN.OBJ
C:\SANDBOX\POPDIALOG\WIN32\RELEASE\MOC_GLWIDGET.OBJ
C:\SANDBOX\POPDIALOG\WIN32\RELEASE\MOC_POPDIALOG.OBJ
C:\Sandbox\PopDialog\Win32\Release\mt.command.1.tlog
C:\Sandbox\PopDialog\Win32\Release\mt.read.1.tlog
C:\Sandbox\PopDialog\Win32\Release\mt.write.1.tlog
C:\SANDBOX\POPDIALOG\WIN32\RELEASE\POPDIALOG.EXE.INTERMEDIATE.MANIFEST
C:\SANDBOX\POPDIALOG\WIN32\RELEASE\POPDIALOG.OBJ
C:\Sandbox\PopDialog\Win32\Release\PopDialog.write.1.tlog
C:\SANDBOX\POPDIALOG\WIN32\RELEASE\TREE.OBJ
C:\SANDBOX\POPDIALOG\WIN32\RELEASE\VC100.PDB
